Heung/app/build/intermediates/manifest_merge_blame_file/release/manifest-merger-blame-release-report.txt
1<?xml version="1.0" encoding="utf-8"?>
2<manifest xmlns:android="http://schemas.android.com/apk/res/android"
3    package="com.example.heung"
4    android:versionCode="1"
5    android:versionName="1.0" >
6
7    <uses-sdk
8        android:minSdkVersion="24"
8-->src\main\AndroidManifest.xml
9        android:targetSdkVersion="33" />
9-->src\main\AndroidManifest.xml
10
11    <uses-permission android:name="android.permission.INTERNET" />
11-->src\main\AndroidManifest.xml:5:5-67
11-->src\main\AndroidManifest.xml:5:22-64
12    <uses-permission android:name="android.permission.WRITE_EXTERNAL_STORAGE" />
12-->src\main\AndroidManifest.xml:6:5-81
12-->src\main\AndroidManifest.xml:6:22-78
13    <uses-permission android:name="android.permission.CAMERA" />
13-->src\main\AndroidManifest.xml:7:5-65
13-->src\main\AndroidManifest.xml:7:22-62
14    <uses-permission android:name="android.permission.READ_EXTERNAL_STORAGE" />
14-->src\main\AndroidManifest.xml:8:5-80
14-->src\main\AndroidManifest.xml:8:22-77
15    <uses-permission android:name="android.permission.ACCESS_NETWORK_STATE" />
15-->src\main\AndroidManifest.xml:9:5-79
15-->src\main\AndroidManifest.xml:9:22-76
16    <uses-permission android:name="android.permission.ACCESS_FINE_LOCATION" />
16-->src\main\AndroidManifest.xml:10:5-79
16-->src\main\AndroidManifest.xml:10:22-76
17    <uses-permission android:name="android.permission.ACCESS_COARSE_LOCATION" />
17-->src\main\AndroidManifest.xml:11:5-81
17-->src\main\AndroidManifest.xml:11:22-78
18
19    <uses-feature
19-->src\main\AndroidManifest.xml:13:5-15:35
20        android:glEsVersion="0x00020000"
20-->src\main\AndroidManifest.xml:14:9-41
21        android:required="true" />
21-->src\main\AndroidManifest.xml:15:9-32
22
23    <permission
23-->src\main\AndroidManifest.xml:16:5-18:37
24        android:name="com.cookandroid.cookmap.permission.MAPS_RECEIVE"
24-->src\main\AndroidManifest.xml:17:9-71
25        android:label="signature" />
25-->src\main\AndroidManifest.xml:18:9-34
26
27    <uses-permission android:name="android.permission.ACCESS_WIFI_STATE" />
27-->[com.google.android.libraries.places:places:3.1.0] AndroidManifest.xml:11:5-76
27-->[com.google.android.libraries.places:places:3.1.0] AndroidManifest.xml:11:22-73
28
29    <queries>
29-->[com.google.android.gms:play-services-maps:18.1.0] AndroidManifest.xml:30:5-34:15
30
31        <!-- Needs to be explicitly declared on Android R+ -->
32        <package android:name="com.google.android.apps.maps" />
32-->[com.google.android.gms:play-services-maps:18.1.0] AndroidManifest.xml:33:9-64
32-->[com.google.android.gms:play-services-maps:18.1.0] AndroidManifest.xml:33:18-61
33        <package android:name="com.kakao.talk" />
33-->[com.kakao.sdk:v2-common:2.10.0] AndroidManifest.xml:10:9-50
33-->[com.kakao.sdk:v2-common:2.10.0] AndroidManifest.xml:10:18-47
34        <package android:name="com.kakao.talk.alpha" />
34-->[com.kakao.sdk:v2-common:2.10.0] AndroidManifest.xml:11:9-56
34-->[com.kakao.sdk:v2-common:2.10.0] AndroidManifest.xml:11:18-53
35        <package android:name="com.kakao.talk.sandbox" />
35-->[com.kakao.sdk:v2-common:2.10.0] AndroidManifest.xml:12:9-58
35-->[com.kakao.sdk:v2-common:2.10.0] AndroidManifest.xml:12:18-55
36        <package android:name="com.kakao.onetalk" />
36-->[com.kakao.sdk:v2-common:2.10.0] AndroidManifest.xml:13:9-53
36-->[com.kakao.sdk:v2-common:2.10.0] AndroidManifest.xml:13:18-50
37
38        <intent>
38-->[com.kakao.sdk:v2-common:2.10.0] AndroidManifest.xml:15:9-21:18
39            <action android:name="android.intent.action.VIEW" />
39-->src\main\AndroidManifest.xml:33:17-69
39-->src\main\AndroidManifest.xml:33:25-66
40
41            <category android:name="android.intent.category.BROWSABLE" />
41-->src\main\AndroidManifest.xml:35:17-78
41-->src\main\AndroidManifest.xml:35:27-75
42
43            <data android:scheme="https" />
43-->src\main\AndroidManifest.xml:36:17-38:78
43-->src\main\AndroidManifest.xml:38:21-75
44        </intent>
45    </queries>
46
47    <uses-permission android:name="android.permission.WAKE_LOCK" />
47-->[com.google.android.gms:play-services-measurement-api:20.0.0] AndroidManifest.xml:24:5-68
47-->[com.google.android.gms:play-services-measurement-api:20.0.0] AndroidManifest.xml:24:22-65
48    <uses-permission android:name="com.google.android.finsky.permission.BIND_GET_INSTALL_REFERRER_SERVICE" />
48-->[com.google.android.gms:play-services-measurement:20.0.0] AndroidManifest.xml:26:5-110
48-->[com.google.android.gms:play-services-measurement:20.0.0] AndroidManifest.xml:26:22-107
49
50    <permission
50-->[androidx.core:core:1.9.0] AndroidManifest.xml:22:5-24:47
51        android:name="com.example.heung.DYNAMIC_RECEIVER_NOT_EXPORTED_PERMISSION"
51-->[androidx.core:core:1.9.0] AndroidManifest.xml:23:9-81
52        android:protectionLevel="signature" />
52-->[androidx.core:core:1.9.0] AndroidManifest.xml:24:9-44
53
54    <uses-permission android:name="com.example.heung.DYNAMIC_RECEIVER_NOT_EXPORTED_PERMISSION" />
54-->[androidx.core:core:1.9.0] AndroidManifest.xml:26:5-97
54-->[androidx.core:core:1.9.0] AndroidManifest.xml:26:22-94
55
56    <application
56-->src\main\AndroidManifest.xml:19:5-112:19
57        android:name="com.example.heung.GlobalApplication"
57-->src\main\AndroidManifest.xml:20:9-42
58        android:allowBackup="true"
58-->src\main\AndroidManifest.xml:21:9-35
59        android:appComponentFactory="androidx.core.app.CoreComponentFactory"
59-->[androidx.core:core:1.9.0] AndroidManifest.xml:28:18-86
60        android:dataExtractionRules="@xml/data_extraction_rules"
60-->src\main\AndroidManifest.xml:22:9-65
61        android:extractNativeLibs="false"
62        android:fullBackupContent="@xml/backup_rules"
62-->src\main\AndroidManifest.xml:23:9-54
63        android:icon="@mipmap/ic_launcher"
63-->src\main\AndroidManifest.xml:24:9-43
64        android:label="@string/app_name"
64-->src\main\AndroidManifest.xml:25:9-41
65        android:supportsRtl="true"
65-->src\main\AndroidManifest.xml:26:9-35
66        android:theme="@style/Theme.Heung" >
66-->src\main\AndroidManifest.xml:27:9-43
67        <activity
67-->src\main\AndroidManifest.xml:29:9-40:20
68            android:name="com.kakao.sdk.auth.AuthCodeHandlerActivity"
68-->src\main\AndroidManifest.xml:30:13-70
69            android:exported="true"
69-->src\main\AndroidManifest.xml:31:13-36
70            android:launchMode="singleTask"
70-->[com.kakao.sdk:v2-auth:2.10.0] AndroidManifest.xml:17:13-44
71            android:theme="@style/TransparentCompat" >
71-->[com.kakao.sdk:v2-auth:2.10.0] AndroidManifest.xml:18:13-53
72            <intent-filter>
72-->src\main\AndroidManifest.xml:32:13-39:29
73                <action android:name="android.intent.action.VIEW" />
73-->src\main\AndroidManifest.xml:33:17-69
73-->src\main\AndroidManifest.xml:33:25-66
74
75                <category android:name="android.intent.category.DEFAULT" />
75-->src\main\AndroidManifest.xml:34:17-76
75-->src\main\AndroidManifest.xml:34:27-73
76                <category android:name="android.intent.category.BROWSABLE" />
76-->src\main\AndroidManifest.xml:35:17-78
76-->src\main\AndroidManifest.xml:35:27-75
77
78                <data
78-->src\main\AndroidManifest.xml:36:17-38:78
79                    android:host="oauth"
79-->src\main\AndroidManifest.xml:37:21-41
80                    android:scheme="kakao6de2823164e42a1f96eabbc998a1feb8" />
80-->src\main\AndroidManifest.xml:38:21-75
81            </intent-filter>
82        </activity>
83        <activity
83-->src\main\AndroidManifest.xml:41:9-55:20
84            android:name="com.example.heung.LoginActivity"
84-->src\main\AndroidManifest.xml:42:13-42
85            android:exported="true"
85-->src\main\AndroidManifest.xml:44:13-36
86            android:launchMode="singleTask" >
86-->src\main\AndroidManifest.xml:43:13-44
87            <intent-filter>
87-->src\main\AndroidManifest.xml:45:13-53:29
88                <action android:name="android.intent.action.MAIN" />
88-->src\main\AndroidManifest.xml:46:17-69
88-->src\main\AndroidManifest.xml:46:25-66
89
90                <category android:name="android.intent.category.LAUNCHER" />
90-->src\main\AndroidManifest.xml:47:17-77
90-->src\main\AndroidManifest.xml:47:27-74
91
92                <action android:name="android.intent.action.VIEW" />
92-->src\main\AndroidManifest.xml:33:17-69
92-->src\main\AndroidManifest.xml:33:25-66
93
94                <category android:name="android.intent.category.DEFAULT" />
94-->src\main\AndroidManifest.xml:34:17-76
94-->src\main\AndroidManifest.xml:34:27-73
95                <category android:name="android.intent.category.BROWSABLE" />
95-->src\main\AndroidManifest.xml:35:17-78
95-->src\main\AndroidManifest.xml:35:27-75
96
97                <data android:scheme="6de2823164e42a1f96eabbc998a1feb8" />
97-->src\main\AndroidManifest.xml:36:17-38:78
97-->src\main\AndroidManifest.xml:38:21-75
98            </intent-filter>
99        </activity>
100        <activity
100-->src\main\AndroidManifest.xml:56:9-58:40
101            android:name="com.example.heung.OtherProfActivity"
101-->src\main\AndroidManifest.xml:57:13-46
102            android:exported="false" />
102-->src\main\AndroidManifest.xml:58:13-37
103        <activity
103-->src\main\AndroidManifest.xml:59:9-61:40
104            android:name="com.example.heung.SelfProfActivity"
104-->src\main\AndroidManifest.xml:60:13-45
105            android:exported="false" />
105-->src\main\AndroidManifest.xml:61:13-37
106        <activity
106-->src\main\AndroidManifest.xml:62:9-64:40
107            android:name="com.example.heung.RentActivity"
107-->src\main\AndroidManifest.xml:63:13-41
108            android:exported="false" />
108-->src\main\AndroidManifest.xml:64:13-37
109        <activity
109-->src\main\AndroidManifest.xml:65:9-67:40
110            android:name="com.example.heung.RecrutWriteActivity"
110-->src\main\AndroidManifest.xml:66:13-48
111            android:exported="false" />
111-->src\main\AndroidManifest.xml:67:13-37
112        <activity
112-->src\main\AndroidManifest.xml:68:9-70:40
113            android:name="com.example.heung.PostWriteActivity"
113-->src\main\AndroidManifest.xml:69:13-46
114            android:exported="false" />
114-->src\main\AndroidManifest.xml:70:13-37
115        <activity
115-->src\main\AndroidManifest.xml:71:9-73:40
116            android:name="com.example.heung.PostEditActivity"
116-->src\main\AndroidManifest.xml:72:13-45
117            android:exported="false" />
117-->src\main\AndroidManifest.xml:73:13-37
118        <activity
118-->src\main\AndroidManifest.xml:74:9-76:40
119            android:name="com.example.heung.RecruContActivity"
119-->src\main\AndroidManifest.xml:75:13-46
120            android:exported="false" />
120-->src\main\AndroidManifest.xml:76:13-37
121        <activity
121-->src\main\AndroidManifest.xml:77:9-79:40
122            android:name="com.example.heung.PostContActivity"
122-->src\main\AndroidManifest.xml:78:13-45
123            android:exported="false" />
123-->src\main\AndroidManifest.xml:79:13-37
124        <activity
124-->src\main\AndroidManifest.xml:80:9-82:40
125            android:name="com.example.heung.CalActivity"
125-->src\main\AndroidManifest.xml:81:13-40
126            android:exported="false" />
126-->src\main\AndroidManifest.xml:82:13-37
127        <activity
127-->src\main\AndroidManifest.xml:83:9-85:40
128            android:name="com.example.heung.CalWriteActivity"
128-->src\main\AndroidManifest.xml:84:13-45
129            android:exported="false" />
129-->src\main\AndroidManifest.xml:85:13-37
130        <activity
130-->src\main\AndroidManifest.xml:86:9-88:40
131            android:name="com.example.heung.CalDetailActivity"
131-->src\main\AndroidManifest.xml:87:13-46
132            android:exported="false" />
132-->src\main\AndroidManifest.xml:88:13-37
133        <activity
133-->src\main\AndroidManifest.xml:89:9-91:40
134            android:name="com.example.heung.CalEditActivity"
134-->src\main\AndroidManifest.xml:90:13-44
135            android:exported="false" />
135-->src\main\AndroidManifest.xml:91:13-37
136        <activity
136-->src\main\AndroidManifest.xml:92:9-94:40
137            android:name="com.example.heung.RecruListActivity"
137-->src\main\AndroidManifest.xml:93:13-46
138            android:exported="false" />
138-->src\main\AndroidManifest.xml:94:13-37
139        <activity
139-->src\main\AndroidManifest.xml:95:9-97:40
140            android:name="com.example.heung.PostListActivity"
140-->src\main\AndroidManifest.xml:96:13-45
141            android:exported="false" />
141-->src\main\AndroidManifest.xml:97:13-37
142        <activity
142-->src\main\AndroidManifest.xml:98:9-105:20
143            android:name="com.example.heung.MainActivity"
143-->src\main\AndroidManifest.xml:99:13-41
144            android:exported="true" >
144-->src\main\AndroidManifest.xml:100:13-36
145            <intent-filter>
145-->src\main\AndroidManifest.xml:101:13-104:29
146                <action android:name="android.intent.action.MAIN" />
146-->src\main\AndroidManifest.xml:46:17-69
146-->src\main\AndroidManifest.xml:46:25-66
147
148                <category android:name="android.intent.category.LAUNCHER" />
148-->src\main\AndroidManifest.xml:47:17-77
148-->src\main\AndroidManifest.xml:47:27-74
149            </intent-filter>
150        </activity>
151
152        <meta-data
152-->src\main\AndroidManifest.xml:106:9-108:71
153            android:name="com.google.android.maps.v2.API_KEY"
153-->src\main\AndroidManifest.xml:107:13-62
154            android:value="AIzaSyA31kkd5bVzb1DHgUL0YktIXMTXFhhi_4U" />
154-->src\main\AndroidManifest.xml:108:13-68
155
156        <uses-library
156-->src\main\AndroidManifest.xml:109:9-111:40
157            android:name="org.apache.http.legacy"
157-->src\main\AndroidManifest.xml:110:13-50
158            android:required="false" />
158-->src\main\AndroidManifest.xml:111:13-37
159
160        <activity
160-->[com.kakao.sdk:v2-auth:2.10.0] AndroidManifest.xml:10:9-14:56
161            android:name="com.kakao.sdk.auth.TalkAuthCodeActivity"
161-->[com.kakao.sdk:v2-auth:2.10.0] AndroidManifest.xml:11:13-67
162            android:exported="false"
162-->[com.kakao.sdk:v2-auth:2.10.0] AndroidManifest.xml:12:13-37
163            android:launchMode="singleTask"
163-->[com.kakao.sdk:v2-auth:2.10.0] AndroidManifest.xml:13:13-44
164            android:theme="@style/TransparentCompat" />
164-->[com.kakao.sdk:v2-auth:2.10.0] AndroidManifest.xml:14:13-53
165        <activity
165-->[com.google.android.libraries.places:places:3.1.0] AndroidManifest.xml:15:9-21:20
166            android:name="com.google.android.libraries.places.widget.AutocompleteActivity"
166-->[com.google.android.libraries.places:places:3.1.0] AndroidManifest.xml:16:13-91
167            android:exported="false"
167-->[com.google.android.libraries.places:places:3.1.0] AndroidManifest.xml:17:13-37
168            android:label="@string/places_autocomplete_label"
168-->[com.google.android.libraries.places:places:3.1.0] AndroidManifest.xml:18:13-62
169            android:theme="@style/PlacesAutocompleteOverlay"
169-->[com.google.android.libraries.places:places:3.1.0] AndroidManifest.xml:19:13-61
170            android:windowSoftInputMode="adjustResize" >
170-->[com.google.android.libraries.places:places:3.1.0] AndroidManifest.xml:20:13-55
171        </activity>
172
173        <service
173-->[com.google.firebase:firebase-firestore-ktx:24.1.1] AndroidManifest.xml:12:9-18:19
174            android:name="com.google.firebase.components.ComponentDiscoveryService"
174-->[com.google.firebase:firebase-firestore-ktx:24.1.1] AndroidManifest.xml:13:13-84
175            android:directBootAware="true"
175-->[com.google.firebase:firebase-common:20.1.0] AndroidManifest.xml:35:13-43
176            android:exported="false" >
176-->[com.google.firebase:firebase-firestore-ktx:24.1.1] AndroidManifest.xml:14:13-37
177            <meta-data
177-->[com.google.firebase:firebase-firestore-ktx:24.1.1] AndroidManifest.xml:15:13-17:85
178                android:name="com.google.firebase.components:com.google.firebase.firestore.ktx.FirebaseFirestoreKtxRegistrar"
178-->[com.google.firebase:firebase-firestore-ktx:24.1.1] AndroidManifest.xml:16:17-126
179                android:value="com.google.firebase.components.ComponentRegistrar" />
179-->[com.google.firebase:firebase-firestore-ktx:24.1.1] AndroidManifest.xml:17:17-82
180            <meta-data
180-->[com.google.firebase:firebase-firestore:24.1.1] AndroidManifest.xml:20:13-22:85
181                android:name="com.google.firebase.components:com.google.firebase.firestore.FirestoreRegistrar"
181-->[com.google.firebase:firebase-firestore:24.1.1] AndroidManifest.xml:21:17-111
182                android:value="com.google.firebase.components.ComponentRegistrar" />
182-->[com.google.firebase:firebase-firestore:24.1.1] AndroidManifest.xml:22:17-82
183            <meta-data
183-->[com.google.firebase:firebase-database-ktx:20.0.4] AndroidManifest.xml:15:13-17:85
184                android:name="com.google.firebase.components:com.google.firebase.database.ktx.FirebaseDatabaseKtxRegistrar"
184-->[com.google.firebase:firebase-database-ktx:20.0.4] AndroidManifest.xml:16:17-124
185                android:value="com.google.firebase.components.ComponentRegistrar" />
185-->[com.google.firebase:firebase-database-ktx:20.0.4] AndroidManifest.xml:17:17-82
186            <meta-data
186-->[com.google.firebase:firebase-database:20.0.4] AndroidManifest.xml:32:13-34:85
187                android:name="com.google.firebase.components:com.google.firebase.database.DatabaseRegistrar"
187-->[com.google.firebase:firebase-database:20.0.4] AndroidManifest.xml:33:17-109
188                android:value="com.google.firebase.components.ComponentRegistrar" />
188-->[com.google.firebase:firebase-database:20.0.4] AndroidManifest.xml:34:17-82
189            <meta-data
189-->[com.google.firebase:firebase-analytics-ktx:20.0.0] AndroidManifest.xml:11:13-13:85
190                android:name="com.google.firebase.components:com.google.firebase.analytics.ktx.FirebaseAnalyticsKtxRegistrar"
190-->[com.google.firebase:firebase-analytics-ktx:20.0.0] AndroidManifest.xml:12:17-126
191                android:value="com.google.firebase.components.ComponentRegistrar" />
191-->[com.google.firebase:firebase-analytics-ktx:20.0.0] AndroidManifest.xml:13:17-82
192            <meta-data
192-->[com.google.firebase:firebase-common-ktx:20.1.0] AndroidManifest.xml:15:13-17:85
193                android:name="com.google.firebase.components:com.google.firebase.ktx.FirebaseCommonKtxRegistrar"
193-->[com.google.firebase:firebase-common-ktx:20.1.0] AndroidManifest.xml:16:17-113
194                android:value="com.google.firebase.components.ComponentRegistrar" />
194-->[com.google.firebase:firebase-common-ktx:20.1.0] AndroidManifest.xml:17:17-82
195            <meta-data
195-->[com.google.android.gms:play-services-measurement-api:20.0.0] AndroidManifest.xml:30:13-32:85
196                android:name="com.google.firebase.components:com.google.firebase.analytics.connector.internal.AnalyticsConnectorRegistrar"
196-->[com.google.android.gms:play-services-measurement-api:20.0.0] AndroidManifest.xml:31:17-139
197                android:value="com.google.firebase.components.ComponentRegistrar" />
197-->[com.google.android.gms:play-services-measurement-api:20.0.0] AndroidManifest.xml:32:17-82
198            <meta-data
198-->[com.google.firebase:firebase-installations:17.0.0] AndroidManifest.xml:18:13-20:85
199                android:name="com.google.firebase.components:com.google.firebase.installations.FirebaseInstallationsRegistrar"
199-->[com.google.firebase:firebase-installations:17.0.0] AndroidManifest.xml:19:17-127
200                android:value="com.google.firebase.components.ComponentRegistrar" />
200-->[com.google.firebase:firebase-installations:17.0.0] AndroidManifest.xml:20:17-82
201        </service>
202
203        <activity
203-->[com.google.android.gms:play-services-base:18.1.0] AndroidManifest.xml:20:9-22:45
204            android:name="com.google.android.gms.common.api.GoogleApiActivity"
204-->[com.google.android.gms:play-services-base:18.1.0] AndroidManifest.xml:20:19-85
205            android:exported="false"
205-->[com.google.android.gms:play-services-base:18.1.0] AndroidManifest.xml:22:19-43
206            android:theme="@android:style/Theme.Translucent.NoTitleBar" />
206-->[com.google.android.gms:play-services-base:18.1.0] AndroidManifest.xml:21:19-78
207
208        <provider
208-->[com.google.firebase:firebase-common:20.1.0] AndroidManifest.xml:26:9-31:39
209            android:name="com.google.firebase.provider.FirebaseInitProvider"
209-->[com.google.firebase:firebase-common:20.1.0] AndroidManifest.xml:27:13-77
210            android:authorities="com.example.heung.firebaseinitprovider"
210-->[com.google.firebase:firebase-common:20.1.0] AndroidManifest.xml:28:13-72
211            android:directBootAware="true"
211-->[com.google.firebase:firebase-common:20.1.0] AndroidManifest.xml:29:13-43
212            android:exported="false"
212-->[com.google.firebase:firebase-common:20.1.0] AndroidManifest.xml:30:13-37
213            android:initOrder="100" />
213-->[com.google.firebase:firebase-common:20.1.0] AndroidManifest.xml:31:13-36
214
215        <receiver
215-->[com.google.android.gms:play-services-measurement:20.0.0] AndroidManifest.xml:29:9-33:20
216            android:name="com.google.android.gms.measurement.AppMeasurementReceiver"
216-->[com.google.android.gms:play-services-measurement:20.0.0] AndroidManifest.xml:30:13-85
217            android:enabled="true"
217-->[com.google.android.gms:play-services-measurement:20.0.0] AndroidManifest.xml:31:13-35
218            android:exported="false" >
218-->[com.google.android.gms:play-services-measurement:20.0.0] AndroidManifest.xml:32:13-37
219        </receiver>
220
221        <service
221-->[com.google.android.gms:play-services-measurement:20.0.0] AndroidManifest.xml:35:9-38:40
222            android:name="com.google.android.gms.measurement.AppMeasurementService"
222-->[com.google.android.gms:play-services-measurement:20.0.0] AndroidManifest.xml:36:13-84
223            android:enabled="true"
223-->[com.google.android.gms:play-services-measurement:20.0.0] AndroidManifest.xml:37:13-35
224            android:exported="false" />
224-->[com.google.android.gms:play-services-measurement:20.0.0] AndroidManifest.xml:38:13-37
225        <service
225-->[com.google.android.gms:play-services-measurement:20.0.0] AndroidManifest.xml:39:9-43:72
226            android:name="com.google.android.gms.measurement.AppMeasurementJobService"
226-->[com.google.android.gms:play-services-measurement:20.0.0] AndroidManifest.xml:40:13-87
227            android:enabled="true"
227-->[com.google.android.gms:play-services-measurement:20.0.0] AndroidManifest.xml:41:13-35
228            android:exported="false"
228-->[com.google.android.gms:play-services-measurement:20.0.0] AndroidManifest.xml:42:13-37
229            android:permission="android.permission.BIND_JOB_SERVICE" />
229-->[com.google.android.gms:play-services-measurement:20.0.0] AndroidManifest.xml:43:13-69
230
231        <meta-data
231-->[com.google.android.gms:play-services-basement:18.1.0] AndroidManifest.xml:21:9-23:69
232            android:name="com.google.android.gms.version"
232-->[com.google.android.gms:play-services-basement:18.1.0] AndroidManifest.xml:22:13-58
233            android:value="@integer/google_play_services_version" />
233-->[com.google.android.gms:play-services-basement:18.1.0] AndroidManifest.xml:23:13-66
234
235        <provider
235-->[androidx.emoji2:emoji2:1.2.0] AndroidManifest.xml:24:9-32:20
236            android:name="androidx.startup.InitializationProvider"
236-->[androidx.emoji2:emoji2:1.2.0] AndroidManifest.xml:25:13-67
237            android:authorities="com.example.heung.androidx-startup"
237-->[androidx.emoji2:emoji2:1.2.0] AndroidManifest.xml:26:13-68
238            android:exported="false" >
238-->[androidx.emoji2:emoji2:1.2.0] AndroidManifest.xml:27:13-37
239            <meta-data
239-->[androidx.emoji2:emoji2:1.2.0] AndroidManifest.xml:29:13-31:52
240                android:name="androidx.emoji2.text.EmojiCompatInitializer"
240-->[androidx.emoji2:emoji2:1.2.0] AndroidManifest.xml:30:17-75
241                android:value="androidx.startup" />
241-->[androidx.emoji2:emoji2:1.2.0] AndroidManifest.xml:31:17-49
242            <meta-data
242-->[androidx.lifecycle:lifecycle-process:2.4.1] AndroidManifest.xml:31:13-33:52
243                android:name="androidx.lifecycle.ProcessLifecycleInitializer"
243-->[androidx.lifecycle:lifecycle-process:2.4.1] AndroidManifest.xml:32:17-78
244                android:value="androidx.startup" />
244-->[androidx.lifecycle:lifecycle-process:2.4.1] AndroidManifest.xml:33:17-49
245        </provider>
246
247        <service
247-->[com.google.android.datatransport:transport-backend-cct:2.3.0] AndroidManifest.xml:29:9-35:19
248            android:name="com.google.android.datatransport.runtime.backends.TransportBackendDiscovery"
248-->[com.google.android.datatransport:transport-backend-cct:2.3.0] AndroidManifest.xml:30:13-103
249            android:exported="false" >
249-->[com.google.android.datatransport:transport-backend-cct:2.3.0] AndroidManifest.xml:31:13-37
250            <meta-data
250-->[com.google.android.datatransport:transport-backend-cct:2.3.0] AndroidManifest.xml:32:13-34:39
251                android:name="backend:com.google.android.datatransport.cct.CctBackendFactory"
251-->[com.google.android.datatransport:transport-backend-cct:2.3.0] AndroidManifest.xml:33:17-94
252                android:value="cct" />
252-->[com.google.android.datatransport:transport-backend-cct:2.3.0] AndroidManifest.xml:34:17-36
253        </service>
254        <service
254-->[com.google.android.datatransport:transport-runtime:2.2.3] AndroidManifest.xml:26:9-30:19
255            android:name="com.google.android.datatransport.runtime.scheduling.jobscheduling.JobInfoSchedulerService"
255-->[com.google.android.datatransport:transport-runtime:2.2.3] AndroidManifest.xml:27:13-117
256            android:exported="false"
256-->[com.google.android.datatransport:transport-runtime:2.2.3] AndroidManifest.xml:28:13-37
257            android:permission="android.permission.BIND_JOB_SERVICE" >
257-->[com.google.android.datatransport:transport-runtime:2.2.3] AndroidManifest.xml:29:13-69
258        </service>
259
260        <receiver
260-->[com.google.android.datatransport:transport-runtime:2.2.3] AndroidManifest.xml:32:9-34:40
261            android:name="com.google.android.datatransport.runtime.scheduling.jobscheduling.AlarmManagerSchedulerBroadcastReceiver"
261-->[com.google.android.datatransport:transport-runtime:2.2.3] AndroidManifest.xml:33:13-132
262            android:exported="false" />
262-->[com.google.android.datatransport:transport-runtime:2.2.3] AndroidManifest.xml:34:13-37
263    </application>
264
265</manifest>